0 info it worked if it ends with ok
1 verbose cli [ '/usr/local/bin/node', '/usr/local/bin/npm', 'run', 'test' ]
2 info using npm@3.3.4
3 info using node@v4.1.1
4 verbose run-script [ 'pretest', 'test', 'posttest' ]
5 info lifecycle learn-node-tdd@1.0.0~pretest: learn-node-tdd@1.0.0
6 silly lifecycle learn-node-tdd@1.0.0~pretest: no script for pretest, continuing
7 info lifecycle learn-node-tdd@1.0.0~test: learn-node-tdd@1.0.0
8 verbose lifecycle learn-node-tdd@1.0.0~test: unsafe-perm in lifecycle true
9 verbose lifecycle learn-node-tdd@1.0.0~test: PATH: /usr/local/lib/node_modules/npm/bin/node-gyp-bin:/Users/sohilpandya/Documents/github/learn-node-tdd/node_modules/.bin:/usr/local/bin:/usr/bin:/bin:/usr/sbin:/sbin:/opt/X11/bin
10 verbose lifecycle learn-node-tdd@1.0.0~test: CWD: /Users/sohilpandya/Documents/github/learn-node-tdd
11 silly lifecycle learn-node-tdd@1.0.0~test: Args: [ '-c', 'tape ./test/*' ]
12 silly lifecycle learn-node-tdd@1.0.0~test: Returned: code: 1  signal: null
13 info lifecycle learn-node-tdd@1.0.0~test: Failed to exec test script
14 verbose stack Error: learn-node-tdd@1.0.0 test: `tape ./test/*`
14 verbose stack Exit status 1
14 verbose stack     at EventEmitter.<anonymous> (/usr/local/lib/node_modules/npm/lib/utils/lifecycle.js:233:16)
14 verbose stack     at emitTwo (events.js:87:13)
14 verbose stack     at EventEmitter.emit (events.js:172:7)
14 verbose stack     at ChildProcess.<anonymous> (/usr/local/lib/node_modules/npm/lib/utils/spawn.js:24:14)
14 verbose stack     at emitTwo (events.js:87:13)
14 verbose stack     at ChildProcess.emit (events.js:172:7)
14 verbose stack     at maybeClose (internal/child_process.js:817:16)
14 verbose stack     at Process.ChildProcess._handle.onexit (internal/child_process.js:211:5)
15 verbose pkgid learn-node-tdd@1.0.0
16 verbose cwd /Users/sohilpandya/Documents/github/learn-node-tdd
17 error Darwin 15.0.0
18 error argv "/usr/local/bin/node" "/usr/local/bin/npm" "run" "test"
19 error node v4.1.1
20 error npm  v3.3.4
21 error code ELIFECYCLE
22 error learn-node-tdd@1.0.0 test: `tape ./test/*`
22 error Exit status 1
23 error Failed at the learn-node-tdd@1.0.0 test script 'tape ./test/*'.
23 error This is most likely a problem with the learn-node-tdd package,
23 error not with npm itself.
23 error Tell the author that this fails on your system:
23 error     tape ./test/*
23 error You can get their info via:
23 error     npm owner ls learn-node-tdd
23 error There is likely additional logging output above.
24 verbose exit [ 1, true ]
